<html>
<body>
<pre>
<h1>Vision Build Log</h1>
<h2>Project:</h2>
C:\Users\cuipeng\Desktop\powerman\USER\LED.uvproj
Project File Date:  07/18/2015

<h2>Output:</h2>
Build target 'Target 1'
compiling main.c...
main.c(31): warning:  #223-D: function "RCC_APB2PeriphClockCmd" declared implicitly
        RCC_APB2PeriphClockCmd(RCC_APB2Periph_GPIOA, ENABLE);            
main.c(31): error:  #20: identifier "RCC_APB2Periph_GPIOA" is undefined
        RCC_APB2PeriphClockCmd(RCC_APB2Periph_GPIOA, ENABLE);            
main.c(53): error:  #165: too few arguments in function call
        OLED_ShowString(0,32,"Welcome Home");
main.c(54): error:  #165: too few arguments in function call
        OLED_ShowString(0,48,"TEMP:");
main.c(73): warning:  #223-D: function "ADC_SoftwareStartConvCmd" declared implicitly
        ADC_SoftwareStartConvCmd(ADC1, ENABLE);         //浣胯芥瀹ADC1杞浠惰浆㈠ㄥ?        ^
main.c(74): warning:  #223-D: function "DMA_Cmd" declared implicitly
        DMA_Cmd(DMA1_Channel1, ENABLE);
main.c(45): warning:  #177-D: variable "j" was declared but never referenced
        u16  value[M], i, j, n;
main.c(45): warning:  #177-D: variable "n" was declared but never referenced
        u16  value[M], i, j, n;
main.c: 5 warnings, 3 errors
compiling i2c_ee.c...
..\HARDWARE\HTU21D\i2c_ee.c(26): error:  #20: identifier "GPIO_InitTypeDef" is undefined
    GPIO_InitTypeDef  GPIO_InitStructure; 
..\HARDWARE\HTU21D\i2c_ee.c(29): warning:  #223-D: function "RCC_APB2PeriphClockCmd" declared implicitly
    RCC_APB2PeriphClockCmd(RCC_APB2Periph_GPIOB,ENABLE);
..\HARDWARE\HTU21D\i2c_ee.c(29): error:  #20: identifier "RCC_APB2Periph_GPIOB" is undefined
    RCC_APB2PeriphClockCmd(RCC_APB2Periph_GPIOB,ENABLE);
..\HARDWARE\HTU21D\i2c_ee.c(30): warning:  #223-D: function "RCC_APB1PeriphClockCmd" declared implicitly
    RCC_APB1PeriphClockCmd(RCC_APB1Periph_I2C2,ENABLE);  
..\HARDWARE\HTU21D\i2c_ee.c(30): error:  #20: identifier "RCC_APB1Periph_I2C2" is undefined
    RCC_APB1PeriphClockCmd(RCC_APB1Periph_I2C2,ENABLE);  
..\HARDWARE\HTU21D\i2c_ee.c(33): error:  #20: identifier "GPIO_Pin_10" is undefined
    GPIO_InitStructure.GPIO_Pin =  GPIO_Pin_10 | GPIO_Pin_11;
..\HARDWARE\HTU21D\i2c_ee.c(33): error:  #20: identifier "GPIO_Pin_11" is undefined
    GPIO_InitStructure.GPIO_Pin =  GPIO_Pin_10 | GPIO_Pin_11;
..\HARDWARE\HTU21D\i2c_ee.c(34): error:  #20: identifier "GPIO_Speed_50MHz" is undefined
    GPIO_InitStructure.GPIO_Speed = GPIO_Speed_50MHz;
..\HARDWARE\HTU21D\i2c_ee.c(35): error:  #20: identifier "GPIO_Mode_AF_OD" is undefined
    GPIO_InitStructure.GPIO_Mode = GPIO_Mode_AF_OD;            // 寮婕杈?                                   ^
..\HARDWARE\HTU21D\i2c_ee.c(36): warning:  #223-D: function "GPIO_Init" declared implicitly
    GPIO_Init(GPIOB, &GPIO_InitStructure);
..\HARDWARE\HTU21D\i2c_ee.c(38): error:  #20: identifier "GPIO_Pin_0" is undefined
    GPIO_InitStructure.GPIO_Pin =  GPIO_Pin_0 | GPIO_Pin_1;
..\HARDWARE\HTU21D\i2c_ee.c(38): error:  #20: identifier "GPIO_Pin_1" is undefined
    GPIO_InitStructure.GPIO_Pin =  GPIO_Pin_0 | GPIO_Pin_1;
..\HARDWARE\HTU21D\i2c_ee.c(39): error:  #20: identifier "GPIO_Mode_Out_PP" is undefined
    GPIO_InitStructure.GPIO_Mode  = GPIO_Mode_Out_PP;
..\HARDWARE\HTU21D\i2c_ee.c(41): warning:  #223-D: function "GPIO_SetBits" declared implicitly
    GPIO_SetBits(GPIOB, GPIO_Pin_0 | GPIO_Pin_1);
..\HARDWARE\HTU21D\i2c_ee.c(53): error:  #20: identifier "I2C_InitTypeDef" is undefined
    I2C_InitTypeDef  I2C_InitStructure; 
..\HARDWARE\HTU21D\i2c_ee.c(56): error:  #20: identifier "I2C_Mode_I2C" is undefined
    I2C_InitStructure.I2C_Mode = I2C_Mode_I2C;
..\HARDWARE\HTU21D\i2c_ee.c(57): error:  #20: identifier "I2C_DutyCycle_2" is undefined
    I2C_InitStructure.I2C_DutyCycle = I2C_DutyCycle_2;
..\HARDWARE\HTU21D\i2c_ee.c(59): error:  #20: identifier "I2C_Ack_Enable" is undefined
    I2C_InitStructure.I2C_Ack = I2C_Ack_Enable;
..\HARDWARE\HTU21D\i2c_ee.c(60): error:  #20: identifier "I2C_AcknowledgedAddress_7bit" is undefined
    I2C_InitStructure.I2C_AcknowledgedAddress = I2C_AcknowledgedAddress_7bit;
..\HARDWARE\HTU21D\i2c_ee.c(64): warning:  #223-D: function "I2C_Init" declared implicitly
    I2C_Init(I2C2, &I2C_InitStructure);
..\HARDWARE\HTU21D\i2c_ee.c(67): warning:  #223-D: function "I2C_Cmd" declared implicitly
    I2C_Cmd(I2C2, ENABLE);
..\HARDWARE\HTU21D\i2c_ee.c(69): warning:  #223-D: function "I2C_AcknowledgeConfig" declared implicitly
    I2C_AcknowledgeConfig(I2C2, ENABLE);    
..\HARDWARE\HTU21D\i2c_ee.c(185): warning:  #223-D: function "I2C_GenerateSTART" declared implicitly
    I2C_GenerateSTART(I2C1, ENABLE);
..\HARDWARE\HTU21D\i2c_ee.c(188): warning:  #223-D: function "I2C_CheckEvent" declared implicitly
    while(!I2C_CheckEvent(I2C1, I2C_EVENT_MASTER_MODE_SELECT));  
..\HARDWARE\HTU21D\i2c_ee.c(188): error:  #20: identifier "I2C_EVENT_MASTER_MODE_SELECT" is undefined
    while(!I2C_CheckEvent(I2C1, I2C_EVENT_MASTER_MODE_SELECT));  
..\HARDWARE\HTU21D\i2c_ee.c(191): warning:  #223-D: function "I2C_Send7bitAddress" declared implicitly
    I2C_Send7bitAddress(I2C1, EEPROM_ADDRESS, I2C_Direction_Transmitter);
..\HARDWARE\HTU21D\i2c_ee.c(191): error:  #20: identifier "I2C_Direction_Transmitter" is undefined
    I2C_Send7bitAddress(I2C1, EEPROM_ADDRESS, I2C_Direction_Transmitter);
..\HARDWARE\HTU21D\i2c_ee.c(194): error:  #20: identifier "I2C_EVENT_MASTER_TRANSMITTER_MODE_SELECTED" is undefined
    while(!I2C_CheckEvent(I2C1, I2C_EVENT_MASTER_TRANSMITTER_MODE_SELECTED));
..\HARDWARE\HTU21D\i2c_ee.c(197): warning:  #223-D: function "I2C_SendData" declared implicitly
    I2C_SendData(I2C1, WriteAddr);
..\HARDWARE\HTU21D\i2c_ee.c(200): error:  #20: identifier "I2C_EVENT_MASTER_BYTE_TRANSMITTED" is undefined
    while(!I2C_CheckEvent(I2C1, I2C_EVENT_MASTER_BYTE_TRANSMITTED));
..\HARDWARE\HTU21D\i2c_ee.c(209): warning:  #223-D: function "I2C_GenerateSTOP" declared implicitly
    I2C_GenerateSTOP(I2C1, ENABLE);
..\HARDWARE\HTU21D\i2c_ee.c(225): warning:  #223-D: function "I2C_GetFlagStatus" declared implicitly
      while(I2C_GetFlagStatus(I2C1, I2C_FLAG_BUSY)); // Added by Najoua 27/08/2008
..\HARDWARE\HTU21D\i2c_ee.c(225): error:  #20: identifier "I2C_FLAG_BUSY" is undefined
      while(I2C_GetFlagStatus(I2C1, I2C_FLAG_BUSY)); // Added by Najoua 27/08/2008
..\HARDWARE\HTU21D\i2c_ee.c(228): warning:  #223-D: function "I2C_GenerateSTART" declared implicitly
    I2C_GenerateSTART(I2C1, ENABLE);
..\HARDWARE\HTU21D\i2c_ee.c(231): warning:  #223-D: function "I2C_CheckEvent" declared implicitly
    while(!I2C_CheckEvent(I2C1, I2C_EVENT_MASTER_MODE_SELECT)); 
..\HARDWARE\HTU21D\i2c_ee.c(231): error:  #20: identifier "I2C_EVENT_MASTER_MODE_SELECT" is undefined
    while(!I2C_CheckEvent(I2C1, I2C_EVENT_MASTER_MODE_SELECT)); 
..\HARDWARE\HTU21D\i2c_ee.c(234): warning:  #223-D: function "I2C_Send7bitAddress" declared implicitly
    I2C_Send7bitAddress(I2C1, EEPROM_ADDRESS, I2C_Direction_Transmitter);
..\HARDWARE\HTU21D\i2c_ee.c(234): error:  #20: identifier "I2C_Direction_Transmitter" is undefined
    I2C_Send7bitAddress(I2C1, EEPROM_ADDRESS, I2C_Direction_Transmitter);
..\HARDWARE\HTU21D\i2c_ee.c(237): error:  #20: identifier "I2C_EVENT_MASTER_TRANSMITTER_MODE_SELECTED" is undefined
    while(!I2C_CheckEvent(I2C1, I2C_EVENT_MASTER_TRANSMITTER_MODE_SELECTED));  
..\HARDWARE\HTU21D\i2c_ee.c(240): warning:  #223-D: function "I2C_SendData" declared implicitly
    I2C_SendData(I2C1, WriteAddr);  
..\HARDWARE\HTU21D\i2c_ee.c(243): error:  #20: identifier "I2C_EVENT_MASTER_BYTE_TRANSMITTED" is undefined
    while(! I2C_CheckEvent(I2C1, I2C_EVENT_MASTER_BYTE_TRANSMITTED));
..\HARDWARE\HTU21D\i2c_ee.c(259): warning:  #223-D: function "I2C_GenerateSTOP" declared implicitly
    I2C_GenerateSTOP(I2C1, ENABLE);
..\HARDWARE\HTU21D\i2c_ee.c(277): warning:  #223-D: function "I2C_GetFlagStatus" declared implicitly
    while(I2C_GetFlagStatus(I2C2, I2C_FLAG_BUSY)); // Added by Najoua 27/08/2008
..\HARDWARE\HTU21D\i2c_ee.c(277): error:  #20: identifier "I2C_FLAG_BUSY" is undefined
    while(I2C_GetFlagStatus(I2C2, I2C_FLAG_BUSY)); // Added by Najoua 27/08/2008
..\HARDWARE\HTU21D\i2c_ee.c(279): warning:  #223-D: function "I2C_AcknowledgeConfig" declared implicitly
    I2C_AcknowledgeConfig(I2C2, ENABLE);
..\HARDWARE\HTU21D\i2c_ee.c(281): warning:  #223-D: function "I2C_GenerateSTART" declared implicitly
    I2C_GenerateSTART(I2C2, ENABLE);
..\HARDWARE\HTU21D\i2c_ee.c(285): warning:  #223-D: function "I2C_CheckEvent" declared implicitly
    while(!I2C_CheckEvent(I2C2, I2C_EVENT_MASTER_MODE_SELECT));
..\HARDWARE\HTU21D\i2c_ee.c(285): error:  #20: identifier "I2C_EVENT_MASTER_MODE_SELECT" is undefined
    while(!I2C_CheckEvent(I2C2, I2C_EVENT_MASTER_MODE_SELECT));
..\HARDWARE\HTU21D\i2c_ee.c(288): warning:  #223-D: function "I2C_Send7bitAddress" declared implicitly
    I2C_Send7bitAddress(I2C2, HTU21ADDR, I2C_Direction_Transmitter);
..\HARDWARE\HTU21D\i2c_ee.c(288): error:  #20: identifier "I2C_Direction_Transmitter" is undefined
    I2C_Send7bitAddress(I2C2, HTU21ADDR, I2C_Direction_Transmitter);
..\HARDWARE\HTU21D\i2c_ee.c(291): error:  #20: identifier "I2C_EVENT_MASTER_TRANSMITTER_MODE_SELECTED" is undefined
    while(!I2C_CheckEvent(I2C2, I2C_EVENT_MASTER_TRANSMITTER_MODE_SELECTED));
..\HARDWARE\HTU21D\i2c_ee.c(294): warning:  #223-D: function "I2C_SendData" declared implicitly
    I2C_SendData(I2C2, 0xe3);  
..\HARDWARE\HTU21D\i2c_ee.c(297): error:  #20: identifier "I2C_EVENT_MASTER_BYTE_TRANSMITTED" is undefined
    while(!I2C_CheckEvent(I2C2, I2C_EVENT_MASTER_BYTE_TRANSMITTED));
..\HARDWARE\HTU21D\i2c_ee.c(307): error:  #20: identifier "I2C_Direction_Receiver" is undefined
    I2C_Send7bitAddress(I2C2, HTU21ADDR|0x01, I2C_Direction_Receiver);
..\HARDWARE\HTU21D\i2c_ee.c: 24 warnings, 30 errors
compiling adc.c...
..\HARDWARE\ADC\adc.c(26): error:  #20: identifier "DMA_InitTypeDef" is undefined
        DMA_InitTypeDef DMA_InitStructure;
..\HARDWARE\ADC\adc.c(27): error:  #20: identifier "ADC_InitTypeDef" is undefined
        ADC_InitTypeDef ADC_InitStructure; 
..\HARDWARE\ADC\adc.c(28): error:  #20: identifier "GPIO_InitTypeDef" is undefined
        GPIO_InitTypeDef GPIO_InitStructure;
..\HARDWARE\ADC\adc.c(30): warning:  #223-D: function "RCC_AHBPeriphClockCmd" declared implicitly
        RCC_AHBPeriphClockCmd(RCC_AHBPeriph_DMA1, ENABLE);
..\HARDWARE\ADC\adc.c(30): error:  #20: identifier "RCC_AHBPeriph_DMA1" is undefined
        RCC_AHBPeriphClockCmd(RCC_AHBPeriph_DMA1, ENABLE);
..\HARDWARE\ADC\adc.c(32): warning:  #223-D: function "DMA_DeInit" declared implicitly
      DMA_DeInit(DMA1_Channel1);
..\HARDWARE\ADC\adc.c(35): error:  #20: identifier "DMA_DIR_PeripheralSRC" is undefined
      DMA_InitStructure.DMA_DIR = DMA_DIR_PeripheralSRC;
..\HARDWARE\ADC\adc.c(37): error:  #20: identifier "DMA_PeripheralInc_Disable" is undefined
      DMA_InitStructure.DMA_PeripheralInc = DMA_PeripheralInc_Disable;
..\HARDWARE\ADC\adc.c(38): error:  #20: identifier "DMA_MemoryInc_Enable" is undefined
      DMA_InitStructure.DMA_MemoryInc = DMA_MemoryInc_Enable;
..\HARDWARE\ADC\adc.c(39): error:  #20: identifier "DMA_PeripheralDataSize_HalfWord" is undefined
      DMA_InitStructure.DMA_PeripheralDataSize = DMA_PeripheralDataSize_HalfWord;
..\HARDWARE\ADC\adc.c(40): error:  #20: identifier "DMA_MemoryDataSize_HalfWord" is undefined
      DMA_InitStructure.DMA_MemoryDataSize = DMA_MemoryDataSize_HalfWord;
..\HARDWARE\ADC\adc.c(41): error:  #20: identifier "DMA_Mode_Circular" is undefined
      DMA_InitStructure.DMA_Mode = DMA_Mode_Circular;
..\HARDWARE\ADC\adc.c(42): error:  #20: identifier "DMA_Priority_High" is undefined
      DMA_InitStructure.DMA_Priority = DMA_Priority_High;
..\HARDWARE\ADC\adc.c(43): error:  #20: identifier "DMA_M2M_Disable" is undefined
      DMA_InitStructure.DMA_M2M = DMA_M2M_Disable;
..\HARDWARE\ADC\adc.c(44): warning:  #223-D: function "DMA_Init" declared implicitly
      DMA_Init(DMA1_Channel1, &DMA_InitStructure);
..\HARDWARE\ADC\adc.c(47): warning:  #223-D: function "DMA_Cmd" declared implicitly
      DMA_Cmd(DMA1_Channel1, ENABLE);
..\HARDWARE\ADC\adc.c(49): warning:  #223-D: function "RCC_APB2PeriphClockCmd" declared implicitly
        RCC_APB2PeriphClockCmd(RCC_APB2Periph_ADC1, ENABLE );     //使能ADC1通道时钟
..\HARDWARE\ADC\adc.c(49): error:  #20: identifier "RCC_APB2Periph_ADC1" is undefined
        RCC_APB2PeriphClockCmd(RCC_APB2Periph_ADC1, ENABLE );     //使能ADC1通道时钟
..\HARDWARE\ADC\adc.c(51): warning:  #223-D: function "RCC_ADCCLKConfig" declared implicitly
        RCC_ADCCLKConfig(RCC_PCLK2_Div6);   //设置ADC分频因子6 72M/6=12,ADC最大时间不能超过14M
..\HARDWARE\ADC\adc.c(51): error:  #20: identifier "RCC_PCLK2_Div6" is undefined
        RCC_ADCCLKConfig(RCC_PCLK2_Div6);   //设置ADC分频因子6 72M/6=12,ADC最大时间不能超过14M
..\HARDWARE\ADC\adc.c(55): error:  #20: identifier "GPIO_Pin_1" is undefined
        GPIO_InitStructure.GPIO_Pin = GPIO_Pin_1|GPIO_Pin_7;
..\HARDWARE\ADC\adc.c(55): error:  #20: identifier "GPIO_Pin_7" is undefined
        GPIO_InitStructure.GPIO_Pin = GPIO_Pin_1|GPIO_Pin_7;
..\HARDWARE\ADC\adc.c(56): error:  #20: identifier "GPIO_Mode_AIN" is undefined
        GPIO_InitStructure.GPIO_Mode = GPIO_Mode_AIN;           //模拟输入引脚
..\HARDWARE\ADC\adc.c(57): warning:  #223-D: function "GPIO_Init" declared implicitly
        GPIO_Init(GPIOA, &GPIO_InitStructure);  
..\HARDWARE\ADC\adc.c(59): error:  #20: identifier "GPIO_Pin_0" is undefined
        GPIO_InitStructure.GPIO_Pin = GPIO_Pin_0| GPIO_Pin_3;
..\HARDWARE\ADC\adc.c(59): error:  #20: identifier "GPIO_Pin_3" is undefined
        GPIO_InitStructure.GPIO_Pin = GPIO_Pin_0| GPIO_Pin_3;
..\HARDWARE\ADC\adc.c(60): error:  #20: identifier "GPIO_Mode_Out_PP" is undefined
      GPIO_InitStructure.GPIO_Mode  = GPIO_Mode_Out_PP;                  //推挽输出
..\HARDWARE\ADC\adc.c(61): error:  #20: identifier "GPIO_Speed_50MHz" is undefined
        GPIO_InitStructure.GPIO_Speed = GPIO_Speed_50MHz;
..\HARDWARE\ADC\adc.c(66): warning:  #223-D: function "ADC_DeInit" declared implicitly
      ADC_DeInit(ADC1);  //复位ADC1,将外设 ADC1 的全部寄存器重设为缺省值
..\HARDWARE\ADC\adc.c(67): error:  #20: identifier "ADC_Mode_Independent" is undefined
        ADC_InitStructure.ADC_Mode = ADC_Mode_Independent;      //ADC工作模式:ADC1和ADC2工作在独立模式
..\HARDWARE\ADC\adc.c(70): error:  #20: identifier "ADC_ExternalTrigConv_None" is undefined
        ADC_InitStructure.ADC_ExternalTrigConv = ADC_ExternalTrigConv_None;     //转换由软件而不是外部触发启动
..\HARDWARE\ADC\adc.c(71): error:  #20: identifier "ADC_DataAlign_Right" is undefined
        ADC_InitStructure.ADC_DataAlign = ADC_DataAlign_Right;  //ADC数据右对齐
..\HARDWARE\ADC\adc.c(73): warning:  #223-D: function "ADC_Init" declared implicitly
        ADC_Init(ADC1, &ADC_InitStructure);     //根据ADC_InitStruct中指定的参数初始化外设ADCx的寄存器   
..\HARDWARE\ADC\adc.c(76): warning:  #223-D: function "ADC_DMACmd" declared implicitly
      ADC_DMACmd(ADC1, ENABLE);
..\HARDWARE\ADC\adc.c(77): warning:  #223-D: function "ADC_Cmd" declared implicitly
        ADC_Cmd(ADC1, ENABLE);  //使能指定的ADC1
..\HARDWARE\ADC\adc.c(78): warning:  #223-D: function "ADC_RegularChannelConfig" declared implicitly
        ADC_RegularChannelConfig(ADC1, ADC_Channel_1, 1, ADC_SampleTime_239Cycles5 );
..\HARDWARE\ADC\adc.c(78): error:  #20: identifier "ADC_Channel_1" is undefined
        ADC_RegularChannelConfig(ADC1, ADC_Channel_1, 1, ADC_SampleTime_239Cycles5 );
..\HARDWARE\ADC\adc.c(78): error:  #20: identifier "ADC_SampleTime_239Cycles5" is undefined
        ADC_RegularChannelConfig(ADC1, ADC_Channel_1, 1, ADC_SampleTime_239Cycles5 );
..\HARDWARE\ADC\adc.c(79): error:  #20: identifier "ADC_Channel_7" is undefined
        ADC_RegularChannelConfig(ADC1, ADC_Channel_7, 2, ADC_SampleTime_239Cycles5 );
..\HARDWARE\ADC\adc.c(80): warning:  #223-D: function "ADC_ResetCalibration" declared implicitly
        ADC_ResetCalibration(ADC1);     //使能复位校准  
..\HARDWARE\ADC\adc.c(82): warning:  #223-D: function "ADC_GetResetCalibrationStatus" declared implicitly
        while(ADC_GetResetCalibrationStatus(ADC1));     //等待复位校准结束
..\HARDWARE\ADC\adc.c(84): warning:  #223-D: function "ADC_StartCalibration" declared implicitly
        ADC_StartCalibration(ADC1);      //开启AD校准
..\HARDWARE\ADC\adc.c(86): warning:  #223-D: function "ADC_GetCalibrationStatus" declared implicitly
        while(ADC_GetCalibrationStatus(ADC1));   //等待校准结束
..\HARDWARE\ADC\adc.c: 16 warnings, 27 errors
compiling pwm.c...
..\HARDWARE\PWM\pwm.c(20): error:  #20: identifier "GPIO_InitTypeDef" is undefined
         GPIO_InitTypeDef GPIO_InitStructure;
..\HARDWARE\PWM\pwm.c(21): error:  #20: identifier "TIM_TimeBaseInitTypeDef" is undefined
        TIM_TimeBaseInitTypeDef  TIM_TimeBaseStructure;
..\HARDWARE\PWM\pwm.c(22): error:  #20: identifier "TIM_OCInitTypeDef" is undefined
        TIM_OCInitTypeDef  TIM_OCInitStructure;
..\HARDWARE\PWM\pwm.c(24): warning:  #223-D: function "RCC_APB1PeriphClockCmd" declared implicitly
        RCC_APB1PeriphClockCmd(RCC_APB1Periph_TIM3, ENABLE);// 
..\HARDWARE\PWM\pwm.c(24): error:  #20: identifier "RCC_APB1Periph_TIM3" is undefined
        RCC_APB1PeriphClockCmd(RCC_APB1Periph_TIM3, ENABLE);// 
..\HARDWARE\PWM\pwm.c(29): error:  #20: identifier "GPIO_Pin_8" is undefined
        GPIO_InitStructure.GPIO_Pin = GPIO_Pin_8; //TIM_CH1
..\HARDWARE\PWM\pwm.c(30): error:  #20: identifier "GPIO_Mode_AF_PP" is undefined
        GPIO_InitStructure.GPIO_Mode = GPIO_Mode_AF_PP;  //澶ㄦㄦ借
..\HARDWARE\PWM\pwm.c(31): error:  #20: identifier "GPIO_Speed_50MHz" is undefined
        GPIO_InitStructure.GPIO_Speed = GPIO_Speed_50MHz;
..\HARDWARE\PWM\pwm.c(32): warning:  #223-D: function "GPIO_Init" declared implicitly
        GPIO_Init(GPIOA, &GPIO_InitStructure);
..\HARDWARE\PWM\pwm.c(38): error:  #20: identifier "TIM_CounterMode_Up" is undefined
        TIM_TimeBaseStructure.TIM_CounterMode = TIM_CounterMode_Up;  //TIM涓璁℃版ā寮
..\HARDWARE\PWM\pwm.c(39): warning:  #223-D: function "TIM_TimeBaseInit" declared implicitly
        TIM_TimeBaseInit(TIM1, &TIM_TimeBaseStructure); //规TIM_TimeBaseInitStruct涓瀹板濮TIMx堕村烘板浣?      ^
..\HARDWARE\PWM\pwm.c(42): error:  #20: identifier "TIM_OCMode_PWM2" is undefined
        TIM_OCInitStructure.TIM_OCMode = TIM_OCMode_PWM2; //╁跺ㄦā寮?TIM插藉害璋舵ā寮2
..\HARDWARE\PWM\pwm.c(43): error:  #20: identifier "TIM_OutputState_Enable" is undefined
        TIM_OCInitStructure.TIM_OutputState = TIM_OutputState_Enable; //姣杈杈轰娇
..\HARDWARE\PWM\pwm.c(45): error:  #20: identifier "TIM_OCPolarity_High" is undefined
        TIM_OCInitStructure.TIM_OCPolarity = TIM_OCPolarity_High; //杈烘?TIM杈烘杈ч
..\HARDWARE\PWM\pwm.c(46): warning:  #223-D: function "TIM_OC1Init" declared implicitly
        TIM_OC1Init(TIM1, &TIM_OCInitStructure);  //规TIM_OCInitStruct涓瀹板濮澶璁TIMx
..\HARDWARE\PWM\pwm.c(48): warning:  #223-D: function "TIM_CtrlPWMOutputs" declared implicitly
    TIM_CtrlPWMOutputs(TIM1,ENABLE);    //MOE 涓昏轰娇?
..\HARDWARE\PWM\pwm.c(50): warning:  #223-D: function "TIM_OC1PreloadConfig" declared implicitly
        TIM_OC1PreloadConfig(TIM1, TIM_OCPreload_Enable);  //CH1棰瑁杞戒娇? 
..\HARDWARE\PWM\pwm.c(50): error:  #20: identifier "TIM_OCPreload_Enable" is undefined
        TIM_OC1PreloadConfig(TIM1, TIM_OCPreload_Enable);  //CH1棰瑁杞戒娇? 
..\HARDWARE\PWM\pwm.c(52): warning:  #223-D: function "TIM_ARRPreloadConfig" declared implicitly
        TIM_ARRPreloadConfig(TIM1, ENABLE); //浣胯TIMxARR涓棰瑁杞藉瀛
..\HARDWARE\PWM\pwm.c(54): warning:  #223-D: function "TIM_Cmd" declared implicitly
        TIM_Cmd(TIM1, ENABLE);  //浣胯TIM1
..\HARDWARE\PWM\pwm.c: 8 warnings, 12 errors
compiling voice.c...
..\HARDWARE\VOICE\voice.c(15): error:  #20: identifier "GPIO_InitTypeDef" is undefined
    GPIO_InitTypeDef  GPIO_InitStructure; 
..\HARDWARE\VOICE\voice.c(18): warning:  #223-D: function "RCC_APB2PeriphClockCmd" declared implicitly
    RCC_APB2PeriphClockCmd(RCC_APB2Periph_GPIOA,ENABLE); 
..\HARDWARE\VOICE\voice.c(18): error:  #20: identifier "RCC_APB2Periph_GPIOA" is undefined
    RCC_APB2PeriphClockCmd(RCC_APB2Periph_GPIOA,ENABLE); 
..\HARDWARE\VOICE\voice.c(21): error:  #20: identifier "GPIO_Pin_8" is undefined
    GPIO_InitStructure.GPIO_Pin =  GPIO_Pin_8 | GPIO_Pin_9;
..\HARDWARE\VOICE\voice.c(21): error:  #20: identifier "GPIO_Pin_9" is undefined
    GPIO_InitStructure.GPIO_Pin =  GPIO_Pin_8 | GPIO_Pin_9;
..\HARDWARE\VOICE\voice.c(22): error:  #20: identifier "GPIO_Speed_50MHz" is undefined
    GPIO_InitStructure.GPIO_Speed = GPIO_Speed_50MHz;
..\HARDWARE\VOICE\voice.c(23): error:  #20: identifier "GPIO_Mode_Out_PP" is undefined
    GPIO_InitStructure.GPIO_Mode = GPIO_Mode_Out_PP;           // 开漏输出
..\HARDWARE\VOICE\voice.c(24): warning:  #223-D: function "GPIO_Init" declared implicitly
    GPIO_Init(GPIOA, &GPIO_InitStructure);
..\HARDWARE\VOICE\voice.c(25): warning:  #223-D: function "GPIO_SetBits" declared implicitly
    GPIO_SetBits(GPIOA, GPIO_Pin_8 | GPIO_Pin_9);
..\HARDWARE\VOICE\voice.c: 3 warnings, 6 errors
compiling sys.c...
..\SYSTEM\sys\sys.c(18): warning:  #223-D: function "NVIC_PriorityGroupConfig" declared implicitly
      NVIC_PriorityGroupConfig(NVIC_PriorityGroup_2);   //璁剧疆NVIC涓缁2:2浣㈠浼绾э?浣搴浼绾
..\SYSTEM\sys\sys.c(18): error:  #20: identifier "NVIC_PriorityGroup_2" is undefined
      NVIC_PriorityGroupConfig(NVIC_PriorityGroup_2);   //璁剧疆NVIC涓缁2:2浣㈠浼绾э?浣搴浼绾
..\SYSTEM\sys\sys.c(30): warning:  #223-D: function "assert_param" declared implicitly
        assert_param(IS_NVIC_VECTTAB(NVIC_VectTab));
..\SYSTEM\sys\sys.c(30): warning:  #223-D: function "IS_NVIC_VECTTAB" declared implicitly
        assert_param(IS_NVIC_VECTTAB(NVIC_VectTab));
..\SYSTEM\sys\sys.c(31): warning:  #223-D: function "IS_NVIC_OFFSET" declared implicitly
        assert_param(IS_NVIC_OFFSET(Offset));    
..\SYSTEM\sys\sys.c(58): error:  #20: identifier "NVIC_VectTab_FLASH" is undefined
        MY_NVIC_SetVectorTable(NVIC_VectTab_FLASH, 0x0);
..\SYSTEM\sys\sys.c: 4 warnings, 2 errors
compiling usart.c...
..\SYSTEM\usart\usart.c(93): error:  #20: identifier "GPIO_InitTypeDef" is undefined
      GPIO_InitTypeDef GPIO_InitStructure;
..\SYSTEM\usart\usart.c(94): error:  #20: identifier "USART_InitTypeDef" is undefined
        USART_InitTypeDef USART_InitStructure;
..\SYSTEM\usart\usart.c(95): error:  #20: identifier "NVIC_InitTypeDef" is undefined
        NVIC_InitTypeDef NVIC_InitStructure;
..\SYSTEM\usart\usart.c(97): warning:  #223-D: function "RCC_APB2PeriphClockCmd" declared implicitly
        RCC_APB2PeriphClockCmd(RCC_APB2Periph_USART1|RCC_APB2Periph_GPIOA, ENABLE);     //使能USART1，GPIOA时钟
..\SYSTEM\usart\usart.c(97): error:  #20: identifier "RCC_APB2Periph_USART1" is undefined
        RCC_APB2PeriphClockCmd(RCC_APB2Periph_USART1|RCC_APB2Periph_GPIOA, ENABLE);     //使能USART1，GPIOA时钟
..\SYSTEM\usart\usart.c(97): error:  #20: identifier "RCC_APB2Periph_GPIOA" is undefined
        RCC_APB2PeriphClockCmd(RCC_APB2Periph_USART1|RCC_APB2Periph_GPIOA, ENABLE);     //使能USART1，GPIOA时钟
..\SYSTEM\usart\usart.c(98): warning:  #223-D: function "USART_DeInit" declared implicitly
        USART_DeInit(USART1);  //复位串口1
..\SYSTEM\usart\usart.c(100): error:  #20: identifier "GPIO_Pin_9" is undefined
      GPIO_InitStructure.GPIO_Pin = GPIO_Pin_9; //PA.9
..\SYSTEM\usart\usart.c(101): error:  #20: identifier "GPIO_Speed_50MHz" is undefined
      GPIO_InitStructure.GPIO_Speed = GPIO_Speed_50MHz;
..\SYSTEM\usart\usart.c(102): error:  #20: identifier "GPIO_Mode_AF_PP" is undefined
      GPIO_InitStructure.GPIO_Mode = GPIO_Mode_AF_PP;   //复用推挽输出
..\SYSTEM\usart\usart.c(103): warning:  #223-D: function "GPIO_Init" declared implicitly
      GPIO_Init(GPIOA, &GPIO_InitStructure); //初始化PA9
..\SYSTEM\usart\usart.c(106): error:  #20: identifier "GPIO_Pin_10" is undefined
      GPIO_InitStructure.GPIO_Pin = GPIO_Pin_10;
..\SYSTEM\usart\usart.c(107): error:  #20: identifier "GPIO_Mode_IN_FLOATING" is undefined
      GPIO_InitStructure.GPIO_Mode = GPIO_Mode_IN_FLOATING;//浮空输入
..\SYSTEM\usart\usart.c(116): warning:  #223-D: function "NVIC_Init" declared implicitly
        NVIC_Init(&NVIC_InitStructure); //根据指定的参数初始化VIC寄存器
..\SYSTEM\usart\usart.c(121): error:  #20: identifier "USART_WordLength_8b" is undefined
        USART_InitStructure.USART_WordLength = USART_WordLength_8b;//字长为8位数据格式
..\SYSTEM\usart\usart.c(122): error:  #20: identifier "USART_StopBits_1" is undefined
        USART_InitStructure.USART_StopBits = USART_StopBits_1;//一个停止位
..\SYSTEM\usart\usart.c(123): error:  #20: identifier "USART_Parity_No" is undefined
        USART_InitStructure.USART_Parity = USART_Parity_No;//无奇偶校验位
..\SYSTEM\usart\usart.c(124): error:  #20: identifier "USART_HardwareFlowControl_None" is undefined
        USART_InitStructure.USART_HardwareFlowControl = USART_HardwareFlowControl_None;//无硬件数据流控制
..\SYSTEM\usart\usart.c(125): error:  #20: identifier "USART_Mode_Rx" is undefined
        USART_InitStructure.USART_Mode = USART_Mode_Rx | USART_Mode_Tx; //收发模式
..\SYSTEM\usart\usart.c(125): error:  #20: identifier "USART_Mode_Tx" is undefined
        USART_InitStructure.USART_Mode = USART_Mode_Rx | USART_Mode_Tx; //收发模式
..\SYSTEM\usart\usart.c(127): warning:  #223-D: function "USART_Init" declared implicitly
      USART_Init(USART1, &USART_InitStructure); //初始化串口
..\SYSTEM\usart\usart.c(128): warning:  #223-D: function "USART_ITConfig" declared implicitly
      USART_ITConfig(USART1, USART_IT_RXNE, ENABLE);//开启中断
..\SYSTEM\usart\usart.c(128): error:  #20: identifier "USART_IT_RXNE" is undefined
      USART_ITConfig(USART1, USART_IT_RXNE, ENABLE);//开启中断
..\SYSTEM\usart\usart.c(129): warning:  #223-D: function "USART_Cmd" declared implicitly
      USART_Cmd(USART1, ENABLE);                    //使能串口 
..\SYSTEM\usart\usart.c(139): warning:  #223-D: function "USART_GetITStatus" declared implicitly
        if(USART_GetITStatus(USART1, USART_IT_RXNE) != RESET)  //接收中断(接收到的数据必须是0x0d 0x0a结尾)
..\SYSTEM\usart\usart.c(139): error:  #20: identifier "USART_IT_RXNE" is undefined
        if(USART_GetITStatus(USART1, USART_IT_RXNE) != RESET)  //接收中断(接收到的数据必须是0x0d 0x0a结尾)
..\SYSTEM\usart\usart.c(141): warning:  #223-D: function "USART_ReceiveData" declared implicitly
                Res =USART_ReceiveData(USART1);//(USART1->DR);  //读取接收到的数据
..\SYSTEM\usart\usart.c: 9 warnings, 18 errors
compiling hw_config.c...
..\USB\CONFIG\hw_config.c(62): warning:  #223-D: function "RCC_USBCLKConfig" declared implicitly
        RCC_USBCLKConfig(RCC_USBCLKSource_PLLCLK_1Div5);
..\USB\CONFIG\hw_config.c(62): error:  #20: identifier "RCC_USBCLKSource_PLLCLK_1Div5" is undefined
        RCC_USBCLKConfig(RCC_USBCLKSource_PLLCLK_1Div5);
..\USB\CONFIG\hw_config.c(65): warning:  #223-D: function "RCC_APB1PeriphClockCmd" declared implicitly
        RCC_APB1PeriphClockCmd(RCC_APB1Periph_USB, ENABLE);      
..\USB\CONFIG\hw_config.c(65): error:  #20: identifier "RCC_APB1Periph_USB" is undefined
        RCC_APB1PeriphClockCmd(RCC_APB1Periph_USB, ENABLE);      
..\USB\CONFIG\hw_config.c(107): error:  #20: identifier "NVIC_InitTypeDef" is undefined
        NVIC_InitTypeDef NVIC_InitStructure;
..\USB\CONFIG\hw_config.c(108): error:  #20: identifier "EXTI_InitTypeDef" is undefined
        EXTI_InitTypeDef EXTI_InitStructure;
..\USB\CONFIG\hw_config.c(110): warning:  #223-D: function "NVIC_PriorityGroupConfig" declared implicitly
        NVIC_PriorityGroupConfig(NVIC_PriorityGroup_2);
..\USB\CONFIG\hw_config.c(110): error:  #20: identifier "NVIC_PriorityGroup_2" is undefined
        NVIC_PriorityGroupConfig(NVIC_PriorityGroup_2);
..\USB\CONFIG\hw_config.c(113): warning:  #223-D: function "EXTI_ClearITPendingBit" declared implicitly
        EXTI_ClearITPendingBit(EXTI_Line18);
..\USB\CONFIG\hw_config.c(113): error:  #20: identifier "EXTI_Line18" is undefined
        EXTI_ClearITPendingBit(EXTI_Line18);
..\USB\CONFIG\hw_config.c(115): error:  #20: identifier "EXTI_Trigger_Rising" is undefined
        EXTI_InitStructure.EXTI_Trigger = EXTI_Trigger_Rising;
..\USB\CONFIG\hw_config.c(117): warning:  #223-D: function "EXTI_Init" declared implicitly
        EXTI_Init(&EXTI_InitStructure);          
..\USB\CONFIG\hw_config.c(124): warning:  #223-D: function "NVIC_Init" declared implicitly
        NVIC_Init(&NVIC_InitStructure);
..\USB\CONFIG\hw_config.c: 6 warnings, 7 errors
compiling stm32_it.c...
..\USB\CONFIG\stm32_it.c(76): warning:  #223-D: function "EXTI_ClearITPendingBit" declared implicitly
     EXTI_ClearITPendingBit(EXTI_Line18);
..\USB\CONFIG\stm32_it.c(76): error:  #20: identifier "EXTI_Line18" is undefined
     EXTI_ClearITPendingBit(EXTI_Line18);
..\USB\CONFIG\stm32_it.c: 1 warning, 1 error
"..\OBJ\LED.axf" - 106 Error(s), 76 Warning(s).
Target not created
23-D: function "assert_param" declared implicitly
    assert_param(IS_RCC_HSE(RCC_HSE));
..\STM32F10x_FWLib\src\stm32f10x_rcc.c(338): warning:  #223-D: function "assert_param" declared implicitly
    assert_param(IS_RCC_CALIBRATION_VALUE(HSICalibrationValue));
..\STM32F10x_FWLib\src\stm32f10x_rcc.c(357): warning:  #223-D: function "assert_param" declared implicitly
    assert_param(IS_FUNCTIONAL_STATE(NewState));
..\STM32F10x_FWLib\src\stm32f10x_rcc.c(383): warning:  #223-D: function "assert_param" declared implicitly
    assert_param(IS_RCC_PLL_SOURCE(RCC_PLLSource));
..\STM32F10x_FWLib\src\stm32f10x_rcc.c(404): warning:  #223-D: function "assert_param" declared implicitly
    assert_param(IS_FUNCTIONAL_STATE(NewState));
..\STM32F10x_FWLib\src\stm32f10x_rcc.c(568): warning:  #223-D: function "assert_param" declared implicitly
    assert_param(IS_RCC_SYSCLK_SOURCE(RCC_SYSCLKSource));
..\STM32F10x_FWLib\src\stm32f10x_rcc.c(612): warning:  #223-D: function "assert_param" declared implicitly
    assert_param(IS_RCC_HCLK(RCC_SYSCLK));
..\STM32F10x_FWLib\src\stm32f10x_rcc.c(638): warning:  #223-D: function "assert_param" declared implicitly
    assert_param(IS_RCC_PCLK(RCC_HCLK));
..\STM32F10x_FWLib\src\stm32f10x_rcc.c(664): warning:  #223-D: function "assert_param" declared implicitly
    assert_param(IS_RCC_PCLK(RCC_HCLK));
..\STM32F10x_FWLib\src\stm32f10x_rcc.c(703): warning:  #223-D: function "assert_param" declared implicitly
    assert_param(IS_RCC_IT(RCC_IT));
..\STM32F10x_FWLib\src\stm32f10x_rcc.c(731): warning:  #223-D: function "assert_param" declared implicitly
    assert_param(IS_RCC_USBCLK_SOURCE(RCC_USBCLKSource));
..\STM32F10x_FWLib\src\stm32f10x_rcc.c(770): warning:  #223-D: function "assert_param" declared implicitly
    assert_param(IS_RCC_ADCCLK(RCC_PCLK2));
..\STM32F10x_FWLib\src\stm32f10x_rcc.c(832): warning:  #223-D: function "assert_param" declared implicitly
    assert_param(IS_RCC_LSE(RCC_LSE));
..\STM32F10x_FWLib\src\stm32f10x_rcc.c(865): warning:  #223-D: function "assert_param" declared implicitly
    assert_param(IS_FUNCTIONAL_STATE(NewState));
..\STM32F10x_FWLib\src\stm32f10x_rcc.c(882): warning:  #223-D: function "assert_param" declared implicitly
    assert_param(IS_RCC_RTCCLK_SOURCE(RCC_RTCCLKSource));
..\STM32F10x_FWLib\src\stm32f10x_rcc.c(896): warning:  #223-D: function "assert_param" declared implicitly
    assert_param(IS_FUNCTIONAL_STATE(NewState));
..\STM32F10x_FWLib\src\stm32f10x_rcc.c(1067): warning:  #223-D: function "assert_param" declared implicitly
    assert_param(IS_RCC_AHB_PERIPH(RCC_AHBPeriph));
..\STM32F10x_FWLib\src\stm32f10x_rcc.c(1098): warning:  #223-D: function "assert_param" declared implicitly
    assert_param(IS_RCC_APB2_PERIPH(RCC_APB2Periph));
..\STM32F10x_FWLib\src\stm32f10x_rcc.c(1129): warning:  #223-D: function "assert_param" declared implicitly
    assert_param(IS_RCC_APB1_PERIPH(RCC_APB1Periph));
..\STM32F10x_FWLib\src\stm32f10x_rcc.c(1188): warning:  #223-D: function "assert_param" declared implicitly
    assert_param(IS_RCC_APB2_PERIPH(RCC_APB2Periph));
..\STM32F10x_FWLib\src\stm32f10x_rcc.c(1219): warning:  #223-D: function "assert_param" declared implicitly
    assert_param(IS_RCC_APB1_PERIPH(RCC_APB1Periph));
..\STM32F10x_FWLib\src\stm32f10x_rcc.c(1240): warning:  #223-D: function "assert_param" declared implicitly
    assert_param(IS_FUNCTIONAL_STATE(NewState));
..\STM32F10x_FWLib\src\stm32f10x_rcc.c(1253): warning:  #223-D: function "assert_param" declared implicitly
    assert_param(IS_FUNCTIONAL_STATE(NewState));
..\STM32F10x_FWLib\src\stm32f10x_rcc.c(1285): warning:  #223-D: function "assert_param" declared implicitly
    assert_param(IS_RCC_MCO(RCC_MCO));
..\STM32F10x_FWLib\src\stm32f10x_rcc.c(1332): warning:  #223-D: function "assert_param" declared implicitly
    assert_param(IS_RCC_FLAG(RCC_FLAG));
..\STM32F10x_FWLib\src\stm32f10x_rcc.c(1406): warning:  #223-D: function "assert_param" declared implicitly
    assert_param(IS_RCC_GET_IT(RCC_IT));
..\STM32F10x_FWLib\src\stm32f10x_rcc.c(1451): warning:  #223-D: function "assert_param" declared implicitly
    assert_param(IS_RCC_CLEAR_IT(RCC_IT));
..\STM32F10x_FWLib\src\stm32f10x_rcc.c: 27 warnings, 0 errors
compiling stm32f10x_usart.c...
..\STM32F10x_FWLib\src\stm32f10x_usart.c(133): warning:  #223-D: function "assert_param" declared implicitly
    assert_param(IS_USART_ALL_PERIPH(USARTx));
..\STM32F10x_FWLib\src\stm32f10x_usart.c(184): warning:  #223-D: function "assert_param" declared implicitly
    assert_param(IS_USART_ALL_PERIPH(USARTx));
..\STM32F10x_FWLib\src\stm32f10x_usart.c(306): warning:  #223-D: function "assert_param" declared implicitly
    assert_param(IS_USART_123_PERIPH(USARTx));
..\STM32F10x_FWLib\src\stm32f10x_usart.c(354): warning:  #223-D: function "assert_param" declared implicitly
    assert_param(IS_USART_ALL_PERIPH(USARTx));
..\STM32F10x_FWLib\src\stm32f10x_usart.c(393): warning:  #223-D: function "assert_param" declared implicitly
    assert_param(IS_USART_ALL_PERIPH(USARTx));
..\STM32F10x_FWLib\src\stm32f10x_usart.c(451): warning:  #223-D: function "assert_param" declared implicitly
    assert_param(IS_USART_ALL_PERIPH(USARTx));
..\STM32F10x_FWLib\src\stm32f10x_usart.c(479): warning:  #223-D: function "assert_param" declared implicitly
    assert_param(IS_USART_ALL_PERIPH(USARTx));
..\STM32F10x_FWLib\src\stm32f10x_usart.c(502): warning:  #223-D: function "assert_param" declared implicitly
    assert_param(IS_USART_ALL_PERIPH(USARTx));
..\STM32F10x_FWLib\src\stm32f10x_usart.c(521): warning:  #223-D: function "assert_param" declared implicitly
    assert_param(IS_USART_ALL_PERIPH(USARTx));
..\STM32F10x_FWLib\src\stm32f10x_usart.c(550): warning:  #223-D: function "assert_param" declared implicitly
    assert_param(IS_USART_ALL_PERIPH(USARTx));
..\STM32F10x_FWLib\src\stm32f10x_usart.c(569): warning:  #223-D: function "assert_param" declared implicitly
    assert_param(IS_USART_ALL_PERIPH(USARTx));
..\STM32F10x_FWLib\src\stm32f10x_usart.c(595): warning:  #223-D: function "assert_param" declared implicitly
    assert_param(IS_USART_ALL_PERIPH(USARTx));
..\STM32F10x_FWLib\src\stm32f10x_usart.c(612): warning:  #223-D: function "assert_param" declared implicitly
    assert_param(IS_USART_ALL_PERIPH(USARTx));
..\STM32F10x_FWLib\src\stm32f10x_usart.c(628): warning:  #223-D: function "assert_param" declared implicitly
    assert_param(IS_USART_ALL_PERIPH(USARTx));
..\STM32F10x_FWLib\src\stm32f10x_usart.c(644): warning:  #223-D: function "assert_param" declared implicitly
    assert_param(IS_USART_123_PERIPH(USARTx));
..\STM32F10x_FWLib\src\stm32f10x_usart.c(664): warning:  #223-D: function "assert_param" declared implicitly
    assert_param(IS_USART_ALL_PERIPH(USARTx));
..\STM32F10x_FWLib\src\stm32f10x_usart.c(683): warning:  #223-D: function "assert_param" declared implicitly
    assert_param(IS_USART_123_PERIPH(USARTx));
..\STM32F10x_FWLib\src\stm32f10x_usart.c(708): warning:  #223-D: function "assert_param" declared implicitly
    assert_param(IS_USART_123_PERIPH(USARTx));  
..\STM32F10x_FWLib\src\stm32f10x_usart.c(734): warning:  #223-D: function "assert_param" declared implicitly
    assert_param(IS_USART_ALL_PERIPH(USARTx));
..\STM32F10x_FWLib\src\stm32f10x_usart.c(765): warning:  #223-D: function "assert_param" declared implicitly
    assert_param(IS_USART_ALL_PERIPH(USARTx));
..\STM32F10x_FWLib\src\stm32f10x_usart.c(792): warning:  #223-D: function "assert_param" declared implicitly
    assert_param(IS_USART_ALL_PERIPH(USARTx));
..\STM32F10x_FWLib\src\stm32f10x_usart.c(821): warning:  #223-D: function "assert_param" declared implicitly
    assert_param(IS_USART_ALL_PERIPH(USARTx));
..\STM32F10x_FWLib\src\stm32f10x_usart.c(840): warning:  #223-D: function "assert_param" declared implicitly
    assert_param(IS_USART_ALL_PERIPH(USARTx));
..\STM32F10x_FWLib\src\stm32f10x_usart.c(878): warning:  #223-D: function "assert_param" declared implicitly
    assert_param(IS_USART_ALL_PERIPH(USARTx));
..\STM32F10x_FWLib\src\stm32f10x_usart.c(926): warning:  #223-D: function "assert_param" declared implicitly
    assert_param(IS_USART_ALL_PERIPH(USARTx));
..\STM32F10x_FWLib\src\stm32f10x_usart.c(961): warning:  #223-D: function "assert_param" declared implicitly
    assert_param(IS_USART_ALL_PERIPH(USARTx));
..\STM32F10x_FWLib\src\stm32f10x_usart.c(1034): warning:  #223-D: function "assert_param" declared implicitly
    assert_param(IS_USART_ALL_PERIPH(USARTx));
..\STM32F10x_FWLib\src\stm32f10x_usart.c: 27 warnings, 0 errors
compiling misc.c...
..\STM32F10x_FWLib\src\misc.c(99): warning:  #223-D: function "assert_param" declared implicitly
    assert_param(IS_NVIC_PRIORITY_GROUP(NVIC_PriorityGroup));
..\STM32F10x_FWLib\src\misc.c(117): warning:  #223-D: function "assert_param" declared implicitly
    assert_param(IS_FUNCTIONAL_STATE(NVIC_InitStruct->NVIC_IRQChannelCmd));
..\STM32F10x_FWLib\src\misc.c(159): warning:  #223-D: function "assert_param" declared implicitly
    assert_param(IS_NVIC_VECTTAB(NVIC_VectTab));
..\STM32F10x_FWLib\src\misc.c(178): warning:  #223-D: function "assert_param" declared implicitly
    assert_param(IS_NVIC_LP(LowPowerMode));
..\STM32F10x_FWLib\src\misc.c(202): warning:  #223-D: function "assert_param" declared implicitly
    assert_param(IS_SYSTICK_CLK_SOURCE(SysTick_CLKSource));
..\STM32F10x_FWLib\src\misc.c: 5 warnings, 0 errors
compiling stm32f10x_exti.c...
..\STM32F10x_FWLib\src\stm32f10x_exti.c(106): warning:  #223-D: function "assert_param" declared implicitly
    assert_param(IS_EXTI_MODE(EXTI_InitStruct->EXTI_Mode));
..\STM32F10x_FWLib\src\stm32f10x_exti.c(174): warning:  #223-D: function "assert_param" declared implicitly
    assert_param(IS_EXTI_LINE(EXTI_Line));
..\STM32F10x_FWLib\src\stm32f10x_exti.c(190): warning:  #223-D: function "assert_param" declared implicitly
    assert_param(IS_GET_EXTI_LINE(EXTI_Line));
..\STM32F10x_FWLib\src\stm32f10x_exti.c(212): warning:  #223-D: function "assert_param" declared implicitly
    assert_param(IS_EXTI_LINE(EXTI_Line));
..\STM32F10x_FWLib\src\stm32f10x_exti.c(229): warning:  #223-D: function "assert_param" declared implicitly
    assert_param(IS_GET_EXTI_LINE(EXTI_Line));
..\STM32F10x_FWLib\src\stm32f10x_exti.c(252): warning:  #223-D: function "assert_param" declared implicitly
    assert_param(IS_EXTI_LINE(EXTI_Line));
..\STM32F10x_FWLib\src\stm32f10x_exti.c: 6 warnings, 0 errors
compiling stm32f10x_i2c.c...
..\STM32F10x_FWLib\src\stm32f10x_i2c.c(165): warning:  #223-D: function "assert_param" declared implicitly
    assert_param(IS_I2C_ALL_PERIPH(I2Cx));
..\STM32F10x_FWLib\src\stm32f10x_i2c.c(198): warning:  #223-D: function "assert_param" declared implicitly
    assert_param(IS_I2C_ALL_PERIPH(I2Cx));
..\STM32F10x_FWLib\src\stm32f10x_i2c.c(325): warning:  #223-D: function "assert_param" declared implicitly
    assert_param(IS_I2C_ALL_PERIPH(I2Cx));
..\STM32F10x_FWLib\src\stm32f10x_i2c.c(349): warning:  #223-D: function "assert_param" declared implicitly
    assert_param(IS_I2C_ALL_PERIPH(I2Cx));
..\STM32F10x_FWLib\src\stm32f10x_i2c.c(373): warning:  #223-D: function "assert_param" declared implicitly
    assert_param(IS_I2C_ALL_PERIPH(I2Cx));
..\STM32F10x_FWLib\src\stm32f10x_i2c.c(397): warning:  #223-D: function "assert_param" declared implicitly
    assert_param(IS_I2C_ALL_PERIPH(I2Cx));
..\STM32F10x_FWLib\src\stm32f10x_i2c.c(421): warning:  #223-D: function "assert_param" declared implicitly
    assert_param(IS_I2C_ALL_PERIPH(I2Cx));
..\STM32F10x_FWLib\src\stm32f10x_i2c.c(445): warning:  #223-D: function "assert_param" declared implicitly
    assert_param(IS_I2C_ALL_PERIPH(I2Cx));
..\STM32F10x_FWLib\src\stm32f10x_i2c.c(470): warning:  #223-D: function "assert_param" declared implicitly
    assert_param(IS_I2C_ALL_PERIPH(I2Cx));
..\STM32F10x_FWLib\src\stm32f10x_i2c.c(495): warning:  #223-D: function "assert_param" declared implicitly
    assert_param(IS_I2C_ALL_PERIPH(I2Cx));
..\STM32F10x_FWLib\src\stm32f10x_i2c.c(519): warning:  #223-D: function "assert_param" declared implicitly
    assert_param(IS_I2C_ALL_PERIPH(I2Cx));
..\STM32F10x_FWLib\src\stm32f10x_i2c.c(548): warning:  #223-D: function "assert_param" declared implicitly
    assert_param(IS_I2C_ALL_PERIPH(I2Cx));
..\STM32F10x_FWLib\src\stm32f10x_i2c.c(573): warning:  #223-D: function "assert_param" declared implicitly
    assert_param(IS_I2C_ALL_PERIPH(I2Cx));
..\STM32F10x_FWLib\src\stm32f10x_i2c.c(586): warning:  #223-D: function "assert_param" declared implicitly
    assert_param(IS_I2C_ALL_PERIPH(I2Cx));
..\STM32F10x_FWLib\src\stm32f10x_i2c.c(604): warning:  #223-D: function "assert_param" declared implicitly
    assert_param(IS_I2C_ALL_PERIPH(I2Cx));
..\STM32F10x_FWLib\src\stm32f10x_i2c.c(641): warning:  #223-D: function "assert_param" declared implicitly
    assert_param(IS_I2C_ALL_PERIPH(I2Cx));
..\STM32F10x_FWLib\src\stm32f10x_i2c.c(661): warning:  #223-D: function "assert_param" declared implicitly
    assert_param(IS_I2C_ALL_PERIPH(I2Cx));
..\STM32F10x_FWLib\src\stm32f10x_i2c.c(699): warning:  #223-D: function "assert_param" declared implicitly
    assert_param(IS_I2C_ALL_PERIPH(I2Cx));
..\STM32F10x_FWLib\src\stm32f10x_i2c.c(727): warning:  #223-D: function "assert_param" declared implicitly
    assert_param(IS_I2C_ALL_PERIPH(I2Cx));
..\STM32F10x_FWLib\src\stm32f10x_i2c.c(751): warning:  #223-D: function "assert_param" declared implicitly
    assert_param(IS_I2C_ALL_PERIPH(I2Cx));
..\STM32F10x_FWLib\src\stm32f10x_i2c.c(782): warning:  #223-D: function "assert_param" declared implicitly
    assert_param(IS_I2C_ALL_PERIPH(I2Cx));
..\STM32F10x_FWLib\src\stm32f10x_i2c.c(806): warning:  #223-D: function "assert_param" declared implicitly
    assert_param(IS_I2C_ALL_PERIPH(I2Cx));
..\STM32F10x_FWLib\src\stm32f10x_i2c.c(828): warning:  #223-D: function "assert_param" declared implicitly
    assert_param(IS_I2C_ALL_PERIPH(I2Cx));
..\STM32F10x_FWLib\src\stm32f10x_i2c.c(843): warning:  #223-D: function "assert_param" declared implicitly
    assert_param(IS_I2C_ALL_PERIPH(I2Cx));
..\STM32F10x_FWLib\src\stm32f10x_i2c.c(867): warning:  #223-D: function "assert_param" declared implicitly
    assert_param(IS_I2C_ALL_PERIPH(I2Cx));
..\STM32F10x_FWLib\src\stm32f10x_i2c.c(893): warning:  #223-D: function "assert_param" declared implicitly
    assert_param(IS_I2C_ALL_PERIPH(I2Cx));
..\STM32F10x_FWLib\src\stm32f10x_i2c.c(1037): warning:  #223-D: function "assert_param" declared implicitly
    assert_param(IS_I2C_ALL_PERIPH(I2Cx));
..\STM32F10x_FWLib\src\stm32f10x_i2c.c(1084): warning:  #223-D: function "assert_param" declared implicitly
    assert_param(IS_I2C_ALL_PERIPH(I2Cx));
..\STM32F10x_FWLib\src\stm32f10x_i2c.c(1139): warning:  #223-D: function "assert_param" declared implicitly
    assert_param(IS_I2C_ALL_PERIPH(I2Cx));
..\STM32F10x_FWLib\src\stm32f10x_i2c.c(1216): warning:  #223-D: function "assert_param" declared implicitly
    assert_param(IS_I2C_ALL_PERIPH(I2Cx));
..\STM32F10x_FWLib\src\stm32f10x_i2c.c(1252): warning:  #223-D: function "assert_param" declared implicitly
    assert_param(IS_I2C_ALL_PERIPH(I2Cx));
..\STM32F10x_FWLib\src\stm32f10x_i2c.c(1311): warning:  #223-D: function "assert_param" declared implicitly
    assert_param(IS_I2C_ALL_PERIPH(I2Cx));
..\STM32F10x_FWLib\src\stm32f10x_i2c.c: 32 warnings, 0 errors
compiling stm32f10x_adc.c...
..\STM32F10x_FWLib\src\stm32f10x_adc.c(182): warning:  #223-D: function "assert_param" declared implicitly
    assert_param(IS_ADC_ALL_PERIPH(ADCx));
..\STM32F10x_FWLib\src\stm32f10x_adc.c(223): warning:  #223-D: function "assert_param" declared implicitly
    assert_param(IS_ADC_ALL_PERIPH(ADCx));
..\STM32F10x_FWLib\src\stm32f10x_adc.c(302): warning:  #223-D: function "assert_param" declared implicitly
    assert_param(IS_ADC_ALL_PERIPH(ADCx));
..\STM32F10x_FWLib\src\stm32f10x_adc.c(327): warning:  #223-D: function "assert_param" declared implicitly
    assert_param(IS_ADC_DMA_PERIPH(ADCx));
..\STM32F10x_FWLib\src\stm32f10x_adc.c(357): warning:  #223-D: function "assert_param" declared implicitly
    assert_param(IS_ADC_ALL_PERIPH(ADCx));
..\STM32F10x_FWLib\src\stm32f10x_adc.c(382): warning:  #223-D: function "assert_param" declared implicitly
    assert_param(IS_ADC_ALL_PERIPH(ADCx));
..\STM32F10x_FWLib\src\stm32f10x_adc.c(396): warning:  #223-D: function "assert_param" declared implicitly
    assert_param(IS_ADC_ALL_PERIPH(ADCx));
..\STM32F10x_FWLib\src\stm32f10x_adc.c(420): warning:  #223-D: function "assert_param" declared implicitly
    assert_param(IS_ADC_ALL_PERIPH(ADCx));
..\STM32F10x_FWLib\src\stm32f10x_adc.c(434): warning:  #223-D: function "assert_param" declared implicitly
    assert_param(IS_ADC_ALL_PERIPH(ADCx));
..\STM32F10x_FWLib\src\stm32f10x_adc.c(460): warning:  #223-D: function "assert_param" declared implicitly
    assert_param(IS_ADC_ALL_PERIPH(ADCx));
..\STM32F10x_FWLib\src\stm32f10x_adc.c(485): warning:  #223-D: function "assert_param" declared implicitly
    assert_param(IS_ADC_ALL_PERIPH(ADCx));
..\STM32F10x_FWLib\src\stm32f10x_adc.c(514): warning:  #223-D: function "assert_param" declared implicitly
    assert_param(IS_ADC_ALL_PERIPH(ADCx));
..\STM32F10x_FWLib\src\stm32f10x_adc.c(539): warning:  #223-D: function "assert_param" declared implicitly
    assert_param(IS_ADC_ALL_PERIPH(ADCx));
..\STM32F10x_FWLib\src\stm32f10x_adc.c(594): warning:  #223-D: function "assert_param" declared implicitly
    assert_param(IS_ADC_ALL_PERIPH(ADCx));
..\STM32F10x_FWLib\src\stm32f10x_adc.c(689): warning:  #223-D: function "assert_param" declared implicitly
    assert_param(IS_ADC_ALL_PERIPH(ADCx));
..\STM32F10x_FWLib\src\stm32f10x_adc.c(711): warning:  #223-D: function "assert_param" declared implicitly
    assert_param(IS_ADC_ALL_PERIPH(ADCx));
..\STM32F10x_FWLib\src\stm32f10x_adc.c(737): warning:  #223-D: function "assert_param" declared implicitly
    assert_param(IS_ADC_ALL_PERIPH(ADCx));
..\STM32F10x_FWLib\src\stm32f10x_adc.c(763): warning:  #223-D: function "assert_param" declared implicitly
    assert_param(IS_ADC_ALL_PERIPH(ADCx));
..\STM32F10x_FWLib\src\stm32f10x_adc.c(803): warning:  #223-D: function "assert_param" declared implicitly
    assert_param(IS_ADC_ALL_PERIPH(ADCx));
..\STM32F10x_FWLib\src\stm32f10x_adc.c(827): warning:  #223-D: function "assert_param" declared implicitly
    assert_param(IS_ADC_ALL_PERIPH(ADCx));
..\STM32F10x_FWLib\src\stm32f10x_adc.c(852): warning:  #223-D: function "assert_param" declared implicitly
    assert_param(IS_ADC_ALL_PERIPH(ADCx));
..\STM32F10x_FWLib\src\stm32f10x_adc.c(877): warning:  #223-D: function "assert_param" declared implicitly
    assert_param(IS_ADC_ALL_PERIPH(ADCx));
..\STM32F10x_FWLib\src\stm32f10x_adc.c(934): warning:  #223-D: function "assert_param" declared implicitly
    assert_param(IS_ADC_ALL_PERIPH(ADCx));
..\STM32F10x_FWLib\src\stm32f10x_adc.c(998): warning:  #223-D: function "assert_param" declared implicitly
    assert_param(IS_ADC_ALL_PERIPH(ADCx));
..\STM32F10x_FWLib\src\stm32f10x_adc.c(1030): warning:  #223-D: function "assert_param" declared implicitly
    assert_param(IS_ADC_ALL_PERIPH(ADCx));
..\STM32F10x_FWLib\src\stm32f10x_adc.c(1057): warning:  #223-D: function "assert_param" declared implicitly
    assert_param(IS_ADC_ALL_PERIPH(ADCx));
..\STM32F10x_FWLib\src\stm32f10x_adc.c(1086): warning:  #223-D: function "assert_param" declared implicitly
    assert_param(IS_ADC_ALL_PERIPH(ADCx));
..\STM32F10x_FWLib\src\stm32f10x_adc.c(1111): warning:  #223-D: function "assert_param" declared implicitly
    assert_param(IS_ADC_ALL_PERIPH(ADCx));
..\STM32F10x_FWLib\src\stm32f10x_adc.c(1149): warning:  #223-D: function "assert_param" declared implicitly
    assert_param(IS_ADC_ALL_PERIPH(ADCx));
..\STM32F10x_FWLib\src\stm32f10x_adc.c(1170): warning:  #223-D: function "assert_param" declared implicitly
    assert_param(IS_FUNCTIONAL_STATE(NewState));
..\STM32F10x_FWLib\src\stm32f10x_adc.c(1199): warning:  #223-D: function "assert_param" declared implicitly
    assert_param(IS_ADC_ALL_PERIPH(ADCx));
..\STM32F10x_FWLib\src\stm32f10x_adc.c(1231): warning:  #223-D: function "assert_param" declared implicitly
    assert_param(IS_ADC_ALL_PERIPH(ADCx));
..\STM32F10x_FWLib\src\stm32f10x_adc.c(1252): warning:  #223-D: function "assert_param" declared implicitly
    assert_param(IS_ADC_ALL_PERIPH(ADCx));
..\STM32F10x_FWLib\src\stm32f10x_adc.c(1287): warning:  #223-D: function "assert_param" declared implicitly
    assert_param(IS_ADC_ALL_PERIPH(ADCx));
..\STM32F10x_FWLib\src\stm32f10x_adc.c: 34 warnings, 0 errors
compiling stm32f10x_dma.c...
..\STM32F10x_FWLib\src\stm32f10x_dma.c(111): warning:  #223-D: function "assert_param" declared implicitly
    assert_param(IS_DMA_ALL_PERIPH(DMAy_Channelx));
..\STM32F10x_FWLib\src\stm32f10x_dma.c(207): warning:  #223-D: function "assert_param" declared implicitly
    assert_param(IS_DMA_ALL_PERIPH(DMAy_Channelx));
..\STM32F10x_FWLib\src\stm32f10x_dma.c(297): warning:  #223-D: function "assert_param" declared implicitly
    assert_param(IS_DMA_ALL_PERIPH(DMAy_Channelx));
..\STM32F10x_FWLib\src\stm32f10x_dma.c(329): warning:  #223-D: function "assert_param" declared implicitly
    assert_param(IS_DMA_ALL_PERIPH(DMAy_Channelx));
..\STM32F10x_FWLib\src\stm32f10x_dma.c(356): warning:  #223-D: function "assert_param" declared implicitly
    assert_param(IS_DMA_ALL_PERIPH(DMAy_Channelx));
..\STM32F10x_FWLib\src\stm32f10x_dma.c(374): warning:  #223-D: function "assert_param" declared implicitly
    assert_param(IS_DMA_ALL_PERIPH(DMAy_Channelx));
..\STM32F10x_FWLib\src\stm32f10x_dma.c(439): warning:  #223-D: function "assert_param" declared implicitly
    assert_param(IS_DMA_GET_FLAG(DMAy_FLAG));
..\STM32F10x_FWLib\src\stm32f10x_dma.c(526): warning:  #223-D: function "assert_param" declared implicitly
    assert_param(IS_DMA_CLEAR_FLAG(DMAy_FLAG));
..\STM32F10x_FWLib\src\stm32f10x_dma.c(601): warning:  #223-D: function "assert_param" declared implicitly
    assert_param(IS_DMA_GET_IT(DMAy_IT));
..\STM32F10x_FWLib\src\stm32f10x_dma.c(687): warning:  #223-D: function "assert_param" declared implicitly
    assert_param(IS_DMA_CLEAR_IT(DMAy_IT));
..\STM32F10x_FWLib\src\stm32f10x_dma.c: 10 warnings, 0 errors
compiling stm32f10x_spi.c...
..\STM32F10x_FWLib\src\stm32f10x_spi.c(122): warning:  #223-D: function "assert_param" declared implicitly
    assert_param(IS_SPI_ALL_PERIPH(SPIx));
..\STM32F10x_FWLib\src\stm32f10x_spi.c(163): warning:  #223-D: function "assert_param" declared implicitly
    assert_param(IS_SPI_ALL_PERIPH(SPIx));   
..\STM32F10x_FWLib\src\stm32f10x_spi.c(227): warning:  #223-D: function "assert_param" declared implicitly
    assert_param(IS_SPI_23_PERIPH(SPIx));
..\STM32F10x_FWLib\src\stm32f10x_spi.c(430): warning:  #223-D: function "assert_param" declared implicitly
    assert_param(IS_SPI_ALL_PERIPH(SPIx));
..\STM32F10x_FWLib\src\stm32f10x_spi.c(454): warning:  #223-D: function "assert_param" declared implicitly
    assert_param(IS_SPI_23_PERIPH(SPIx));
..\STM32F10x_FWLib\src\stm32f10x_spi.c(486): warning:  #223-D: function "assert_param" declared implicitly
    assert_param(IS_SPI_ALL_PERIPH(SPIx));
..\STM32F10x_FWLib\src\stm32f10x_spi.c(524): warning:  #223-D: function "assert_param" declared implicitly
    assert_param(IS_SPI_ALL_PERIPH(SPIx));
..\STM32F10x_FWLib\src\stm32f10x_spi.c(550): warning:  #223-D: function "assert_param" declared implicitly
    assert_param(IS_SPI_ALL_PERIPH(SPIx));
..\STM32F10x_FWLib\src\stm32f10x_spi.c(566): warning:  #223-D: function "assert_param" declared implicitly
    assert_param(IS_SPI_ALL_PERIPH(SPIx));
..\STM32F10x_FWLib\src\stm32f10x_spi.c(584): warning:  #223-D: function "assert_param" declared implicitly
    assert_param(IS_SPI_ALL_PERIPH(SPIx));
..\STM32F10x_FWLib\src\stm32f10x_spi.c(608): warning:  #223-D: function "assert_param" declared implicitly
    assert_param(IS_SPI_ALL_PERIPH(SPIx));
..\STM32F10x_FWLib\src\stm32f10x_spi.c(634): warning:  #223-D: function "assert_param" declared implicitly
    assert_param(IS_SPI_ALL_PERIPH(SPIx));
..\STM32F10x_FWLib\src\stm32f10x_spi.c(650): warning:  #223-D: function "assert_param" declared implicitly
    assert_param(IS_SPI_ALL_PERIPH(SPIx));
..\STM32F10x_FWLib\src\stm32f10x_spi.c(666): warning:  #223-D: function "assert_param" declared implicitly
    assert_param(IS_SPI_ALL_PERIPH(SPIx));
..\STM32F10x_FWLib\src\stm32f10x_spi.c(693): warning:  #223-D: function "assert_param" declared implicitly
    assert_param(IS_SPI_ALL_PERIPH(SPIx));
..\STM32F10x_FWLib\src\stm32f10x_spi.c(717): warning:  #223-D: function "assert_param" declared implicitly
    assert_param(IS_SPI_ALL_PERIPH(SPIx));
..\STM32F10x_FWLib\src\stm32f10x_spi.c(735): warning:  #223-D: function "assert_param" declared implicitly
    assert_param(IS_SPI_ALL_PERIPH(SPIx));
..\STM32F10x_FWLib\src\stm32f10x_spi.c(770): warning:  #223-D: function "assert_param" declared implicitly
    assert_param(IS_SPI_ALL_PERIPH(SPIx));
..\STM32F10x_FWLib\src\stm32f10x_spi.c(807): warning:  #223-D: function "assert_param" declared implicitly
    assert_param(IS_SPI_ALL_PERIPH(SPIx));
..\STM32F10x_FWLib\src\stm32f10x_spi.c(835): warning:  #223-D: function "assert_param" declared implicitly
    assert_param(IS_SPI_ALL_PERIPH(SPIx));
..\STM32F10x_FWLib\src\stm32f10x_spi.c(887): warning:  #223-D: function "assert_param" declared implicitly
    assert_param(IS_SPI_ALL_PERIPH(SPIx));
..\STM32F10x_FWLib\src\stm32f10x_spi.c: 21 warnings, 0 errors
compiling stm32f10x_tim.c...
..\STM32F10x_FWLib\src\stm32f10x_tim.c(125): warning:  #223-D: function "assert_param" declared implicitly
    assert_param(IS_TIM_ALL_PERIPH(TIMx)); 
..\STM32F10x_FWLib\src\stm32f10x_tim.c(231): warning:  #223-D: function "assert_param" declared implicitly
    assert_param(IS_TIM_ALL_PERIPH(TIMx)); 
..\STM32F10x_FWLib\src\stm32f10x_tim.c(284): warning:  #223-D: function "assert_param" declared implicitly
    assert_param(IS_TIM_LIST8_PERIPH(TIMx));
..\STM32F10x_FWLib\src\stm32f10x_tim.c(367): warning:  #223-D: function "assert_param" declared implicitly
    assert_param(IS_TIM_LIST6_PERIPH(TIMx)); 
..\STM32F10x_FWLib\src\stm32f10x_tim.c(449): warning:  #223-D: function "assert_param" declared implicitly
    assert_param(IS_TIM_LIST3_PERIPH(TIMx)); 
..\STM32F10x_FWLib\src\stm32f10x_tim.c(528): warning:  #223-D: function "assert_param" declared implicitly
    assert_param(IS_TIM_LIST3_PERIPH(TIMx)); 
..\STM32F10x_FWLib\src\stm32f10x_tim.c(590): warning:  #223-D: function "assert_param" declared implicitly
    assert_param(IS_TIM_CHANNEL(TIM_ICInitStruct->TIM_Channel));  
..\STM32F10x_FWLib\src\stm32f10x_tim.c(659): warning:  #223-D: function "assert_param" declared implicitly
    assert_param(IS_TIM_LIST6_PERIPH(TIMx));
..\STM32F10x_FWLib\src\stm32f10x_tim.c(715): warning:  #223-D: function "assert_param" declared implicitly
    assert_param(IS_TIM_LIST2_PERIPH(TIMx));
..\STM32F10x_FWLib\src\stm32f10x_tim.c(809): warning:  #223-D: function "assert_param" declared implicitly
    assert_param(IS_TIM_ALL_PERIPH(TIMx));
..\STM32F10x_FWLib\src\stm32f10x_tim.c(834): warning:  #223-D: function "assert_param" declared implicitly
    assert_param(IS_TIM_LIST2_PERIPH(TIMx));
..\STM32F10x_FWLib\src\stm32f10x_tim.c(875): warning:  #223-D: function "assert_param" declared implicitly
    assert_param(IS_TIM_ALL_PERIPH(TIMx));
..\STM32F10x_FWLib\src\stm32f10x_tim.c(912): warning:  #223-D: function "assert_param" declared implicitly
    assert_param(IS_TIM_ALL_PERIPH(TIMx));
..\STM32F10x_FWLib\src\stm32f10x_tim.c(940): warning:  #223-D: function "assert_param" declared implicitly
    assert_param(IS_TIM_LIST4_PERIPH(TIMx));
..\STM32F10x_FWLib\src\stm32f10x_tim.c(967): warning:  #223-D: function "assert_param" declared implicitly
    assert_param(IS_TIM_LIST9_PERIPH(TIMx));
..\STM32F10x_FWLib\src\stm32f10x_tim.c(992): warning:  #223-D: function "assert_param" declared implicitly
    assert_param(IS_TIM_LIST6_PERIPH(TIMx));
..\STM32F10x_FWLib\src\stm32f10x_tim.c(1011): warning:  #223-D: function "assert_param" declared implicitly
    assert_param(IS_TIM_LIST6_PERIPH(TIMx));
..\STM32F10x_FWLib\src\stm32f10x_tim.c(1039): warning:  #223-D: function "assert_param" declared implicitly
    assert_param(IS_TIM_LIST6_PERIPH(TIMx));
..\STM32F10x_FWLib\src\stm32f10x_tim.c(1080): warning:  #223-D: function "assert_param" declared implicitly
    assert_param(IS_TIM_LIST3_PERIPH(TIMx));
..\STM32F10x_FWLib\src\stm32f10x_tim.c(1121): warning:  #223-D: function "assert_param" declared implicitly
    assert_param(IS_TIM_LIST3_PERIPH(TIMx));
..\STM32F10x_FWLib\src\stm32f10x_tim.c(1153): warning:  #223-D: function "assert_param" declared implicitly
    assert_param(IS_TIM_LIST3_PERIPH(TIMx));
..\STM32F10x_FWLib\src\stm32f10x_tim.c(1179): warning:  #223-D: function "assert_param" declared implicitly
    assert_param(IS_TIM_ALL_PERIPH(TIMx));
..\STM32F10x_FWLib\src\stm32f10x_tim.c(1203): warning:  #223-D: function "assert_param" declared implicitly
    assert_param(IS_TIM_LIST3_PERIPH(TIMx));
..\STM32F10x_FWLib\src\stm32f10x_tim.c(1233): warning:  #223-D: function "assert_param" declared implicitly
    assert_param(IS_TIM_LIST6_PERIPH(TIMx));
..\STM32F10x_FWLib\src\stm32f10x_tim.c(1272): warning:  #223-D: function "assert_param" declared implicitly
    assert_param(IS_TIM_LIST5_PERIPH(TIMx));
..\STM32F10x_FWLib\src\stm32f10x_tim.c(1319): warning:  #223-D: function "assert_param" declared implicitly
    assert_param(IS_TIM_LIST8_PERIPH(TIMx));
..\STM32F10x_FWLib\src\stm32f10x_tim.c(1343): warning:  #223-D: function "assert_param" declared implicitly
    assert_param(IS_TIM_LIST6_PERIPH(TIMx));
..\STM32F10x_FWLib\src\stm32f10x_tim.c(1367): warning:  #223-D: function "assert_param" declared implicitly
    assert_param(IS_TIM_LIST3_PERIPH(TIMx));
..\STM32F10x_FWLib\src\stm32f10x_tim.c(1391): warning:  #223-D: function "assert_param" declared implicitly
    assert_param(IS_TIM_LIST3_PERIPH(TIMx));
..\STM32F10x_FWLib\src\stm32f10x_tim.c(1412): warning:  #223-D: function "assert_param" declared implicitly
    assert_param(IS_TIM_ALL_PERIPH(TIMx));
..\STM32F10x_FWLib\src\stm32f10x_tim.c(1436): warning:  #223-D: function "assert_param" declared implicitly
    assert_param(IS_TIM_LIST2_PERIPH(TIMx));
..\STM32F10x_FWLib\src\stm32f10x_tim.c(1461): warning:  #223-D: function "assert_param" declared implicitly
    assert_param(IS_TIM_LIST4_PERIPH(TIMx));
..\STM32F10x_FWLib\src\stm32f10x_tim.c(1486): warning:  #223-D: function "assert_param" declared implicitly
    assert_param(IS_TIM_LIST5_PERIPH(TIMx));
..\STM32F10x_FWLib\src\stm32f10x_tim.c(1513): warning:  #223-D: function "assert_param" declared implicitly
    assert_param(IS_TIM_LIST8_PERIPH(TIMx));
..\STM32F10x_FWLib\src\stm32f10x_tim.c(1538): warning:  #223-D: function "assert_param" declared implicitly
    assert_param(IS_TIM_LIST6_PERIPH(TIMx));
..\STM32F10x_FWLib\src\stm32f10x_tim.c(1562): warning:  #223-D: function "assert_param" declared implicitly
    assert_param(IS_TIM_LIST3_PERIPH(TIMx));
..\STM32F10x_FWLib\src\stm32f10x_tim.c(1586): warning:  #223-D: function "assert_param" declared implicitly
    assert_param(IS_TIM_LIST3_PERIPH(TIMx));
..\STM32F10x_FWLib\src\stm32f10x_tim.c(1610): warning:  #223-D: function "assert_param" declared implicitly
    assert_param(IS_TIM_LIST8_PERIPH(TIMx));
..\STM32F10x_FWLib\src\stm32f10x_tim.c(1636): warning:  #223-D: function "assert_param" declared implicitly
    assert_param(IS_TIM_LIST6_PERIPH(TIMx));
..\STM32F10x_FWLib\src\stm32f10x_tim.c(1661): warning:  #223-D: function "assert_param" declared implicitly
    assert_param(IS_TIM_LIST3_PERIPH(TIMx));
..\STM32F10x_FWLib\src\stm32f10x_tim.c(1686): warning:  #223-D: function "assert_param" declared implicitly
    assert_param(IS_TIM_LIST3_PERIPH(TIMx));
..\STM32F10x_FWLib\src\stm32f10x_tim.c(1711): warning:  #223-D: function "assert_param" declared implicitly
    assert_param(IS_TIM_LIST3_PERIPH(TIMx));
..\STM32F10x_FWLib\src\stm32f10x_tim.c(1737): warning:  #223-D: function "assert_param" declared implicitly
    assert_param(IS_TIM_LIST3_PERIPH(TIMx));
..\STM32F10x_FWLib\src\stm32f10x_tim.c(1761): warning:  #223-D: function "assert_param" declared implicitly
    assert_param(IS_TIM_LIST3_PERIPH(TIMx));
..\STM32F10x_FWLib\src\stm32f10x_tim.c(1785): warning:  #223-D: function "assert_param" declared implicitly
    assert_param(IS_TIM_LIST3_PERIPH(TIMx));
..\STM32F10x_FWLib\src\stm32f10x_tim.c(1809): warning:  #223-D: function "assert_param" declared implicitly
    assert_param(IS_TIM_LIST8_PERIPH(TIMx));
..\STM32F10x_FWLib\src\stm32f10x_tim.c(1832): warning:  #223-D: function "assert_param" declared implicitly
    assert_param(IS_TIM_LIST2_PERIPH(TIMx));
..\STM32F10x_FWLib\src\stm32f10x_tim.c(1856): warning:  #223-D: function "assert_param" declared implicitly
    assert_param(IS_TIM_LIST6_PERIPH(TIMx));
..\STM32F10x_FWLib\src\stm32f10x_tim.c(1879): warning:  #223-D: function "assert_param" declared implicitly
    assert_param(IS_TIM_LIST1_PERIPH(TIMx));
..\STM32F10x_FWLib\src\stm32f10x_tim.c(1903): warning:  #223-D: function "assert_param" declared implicitly
    assert_param(IS_TIM_LIST3_PERIPH(TIMx));
..\STM32F10x_FWLib\src\stm32f10x_tim.c(1927): warning:  #223-D: function "assert_param" declared implicitly
    assert_param(IS_TIM_LIST1_PERIPH(TIMx));
..\STM32F10x_FWLib\src\stm32f10x_tim.c(1951): warning:  #223-D: function "assert_param" declared implicitly
    assert_param(IS_TIM_LIST3_PERIPH(TIMx));
..\STM32F10x_FWLib\src\stm32f10x_tim.c(1979): warning:  #223-D: function "assert_param" declared implicitly
    assert_param(IS_TIM_LIST8_PERIPH(TIMx));
..\STM32F10x_FWLib\src\stm32f10x_tim.c(2009): warning:  #223-D: function "assert_param" declared implicitly
    assert_param(IS_TIM_LIST2_PERIPH(TIMx));
..\STM32F10x_FWLib\src\stm32f10x_tim.c(2051): warning:  #223-D: function "assert_param" declared implicitly
    assert_param(IS_TIM_LIST8_PERIPH(TIMx));
..\STM32F10x_FWLib\src\stm32f10x_tim.c(2095): warning:  #223-D: function "assert_param" declared implicitly
    assert_param(IS_TIM_ALL_PERIPH(TIMx));
..\STM32F10x_FWLib\src\stm32f10x_tim.c(2123): warning:  #223-D: function "assert_param" declared implicitly
    assert_param(IS_TIM_ALL_PERIPH(TIMx));
..\STM32F10x_FWLib\src\stm32f10x_tim.c(2147): warning:  #223-D: function "assert_param" declared implicitly
    assert_param(IS_TIM_LIST6_PERIPH(TIMx));
..\STM32F10x_FWLib\src\stm32f10x_tim.c(2173): warning:  #223-D: function "assert_param" declared implicitly
    assert_param(IS_TIM_ALL_PERIPH(TIMx));
..\STM32F10x_FWLib\src\stm32f10x_tim.c(2205): warning:  #223-D: function "assert_param" declared implicitly
    assert_param(IS_TIM_LIST7_PERIPH(TIMx));
..\STM32F10x_FWLib\src\stm32f10x_tim.c(2228): warning:  #223-D: function "assert_param" declared implicitly
    assert_param(IS_TIM_LIST6_PERIPH(TIMx));
..\STM32F10x_FWLib\src\stm32f10x_tim.c(2249): warning:  #223-D: function "assert_param" declared implicitly
    assert_param(IS_TIM_LIST6_PERIPH(TIMx));
..\STM32F10x_FWLib\src\stm32f10x_tim.c(2267): warning:  #223-D: function "assert_param" declared implicitly
    assert_param(IS_TIM_ALL_PERIPH(TIMx));
..\STM32F10x_FWLib\src\stm32f10x_tim.c(2281): warning:  #223-D: function "assert_param" declared implicitly
    assert_param(IS_TIM_ALL_PERIPH(TIMx));
..\STM32F10x_FWLib\src\stm32f10x_tim.c(2295): warning:  #223-D: function "assert_param" declared implicitly
    assert_param(IS_TIM_LIST8_PERIPH(TIMx));
..\STM32F10x_FWLib\src\stm32f10x_tim.c(2309): warning:  #223-D: function "assert_param" declared implicitly
    assert_param(IS_TIM_LIST6_PERIPH(TIMx));
..\STM32F10x_FWLib\src\stm32f10x_tim.c(2323): warning:  #223-D: function "assert_param" declared implicitly
    assert_param(IS_TIM_LIST3_PERIPH(TIMx));
..\STM32F10x_FWLib\src\stm32f10x_tim.c(2337): warning:  #223-D: function "assert_param" declared implicitly
    assert_param(IS_TIM_LIST3_PERIPH(TIMx));
..\STM32F10x_FWLib\src\stm32f10x_tim.c(2356): warning:  #223-D: function "assert_param" declared implicitly
    assert_param(IS_TIM_LIST8_PERIPH(TIMx));
..\STM32F10x_FWLib\src\stm32f10x_tim.c(2378): warning:  #223-D: function "assert_param" declared implicitly
    assert_param(IS_TIM_LIST6_PERIPH(TIMx));
..\STM32F10x_FWLib\src\stm32f10x_tim.c(2400): warning:  #223-D: function "assert_param" declared implicitly
    assert_param(IS_TIM_LIST3_PERIPH(TIMx));
..\STM32F10x_FWLib\src\stm32f10x_tim.c(2422): warning:  #223-D: function "assert_param" declared implicitly
    assert_param(IS_TIM_LIST3_PERIPH(TIMx));
..\STM32F10x_FWLib\src\stm32f10x_tim.c(2444): warning:  #223-D: function "assert_param" declared implicitly
    assert_param(IS_TIM_LIST8_PERIPH(TIMx));
..\STM32F10x_FWLib\src\stm32f10x_tim.c(2460): warning:  #223-D: function "assert_param" declared implicitly
    assert_param(IS_TIM_LIST8_PERIPH(TIMx));
..\STM32F10x_FWLib\src\stm32f10x_tim.c(2473): warning:  #223-D: function "assert_param" declared implicitly
    assert_param(IS_TIM_LIST6_PERIPH(TIMx));
..\STM32F10x_FWLib\src\stm32f10x_tim.c(2486): warning:  #223-D: function "assert_param" declared implicitly
    assert_param(IS_TIM_LIST3_PERIPH(TIMx)); 
..\STM32F10x_FWLib\src\stm32f10x_tim.c(2499): warning:  #223-D: function "assert_param" declared implicitly
    assert_param(IS_TIM_LIST3_PERIPH(TIMx));
..\STM32F10x_FWLib\src\stm32f10x_tim.c(2512): warning:  #223-D: function "assert_param" declared implicitly
    assert_param(IS_TIM_ALL_PERIPH(TIMx));
..\STM32F10x_FWLib\src\stm32f10x_tim.c(2525): warning:  #223-D: function "assert_param" declared implicitly
    assert_param(IS_TIM_ALL_PERIPH(TIMx));
..\STM32F10x_FWLib\src\stm32f10x_tim.c(2560): warning:  #223-D: function "assert_param" declared implicitly
    assert_param(IS_TIM_ALL_PERIPH(TIMx));
..\STM32F10x_FWLib\src\stm32f10x_tim.c(2603): warning:  #223-D: function "assert_param" declared implicitly
    assert_param(IS_TIM_ALL_PERIPH(TIMx));
..\STM32F10x_FWLib\src\stm32f10x_tim.c(2637): warning:  #223-D: function "assert_param" declared implicitly
    assert_param(IS_TIM_ALL_PERIPH(TIMx));
..\STM32F10x_FWLib\src\stm32f10x_tim.c(2679): warning:  #223-D: function "assert_param" declared implicitly
    assert_param(IS_TIM_ALL_PERIPH(TIMx));
..\STM32F10x_FWLib\src\stm32f10x_tim.c: 83 warnings, 0 errors
compiling usb_core.c...
compiling usb_init.c...
compiling usb_int.c...
compiling usb_mem.c...
compiling usb_regs.c...
compiling usb_sil.c...
compiling hw_config.c...
..\USB\CONFIG\hw_config.c(62): warning:  #223-D: function "RCC_USBCLKConfig" declared implicitly
        RCC_USBCLKConfig(RCC_USBCLKSource_PLLCLK_1Div5);
..\USB\CONFIG\hw_config.c(62): error:  #20: identifier "RCC_USBCLKSource_PLLCLK_1Div5" is undefined
        RCC_USBCLKConfig(RCC_USBCLKSource_PLLCLK_1Div5);
..\USB\CONFIG\hw_config.c(65): warning:  #223-D: function "RCC_APB1PeriphClockCmd" declared implicitly
        RCC_APB1PeriphClockCmd(RCC_APB1Periph_USB, ENABLE);      
..\USB\CONFIG\hw_config.c(65): error:  #20: identifier "RCC_APB1Periph_USB" is undefined
        RCC_APB1PeriphClockCmd(RCC_APB1Periph_USB, ENABLE);      
..\USB\CONFIG\hw_config.c(107): error:  #20: identifier "NVIC_InitTypeDef" is undefined
        NVIC_InitTypeDef NVIC_InitStructure;
..\USB\CONFIG\hw_config.c(108): error:  #20: identifier "EXTI_InitTypeDef" is undefined
        EXTI_InitTypeDef EXTI_InitStructure;
..\USB\CONFIG\hw_config.c(110): warning:  #223-D: function "NVIC_PriorityGroupConfig" declared implicitly
        NVIC_PriorityGroupConfig(NVIC_PriorityGroup_2);
..\USB\CONFIG\hw_config.c(110): error:  #20: identifier "NVIC_PriorityGroup_2" is undefined
        NVIC_PriorityGroupConfig(NVIC_PriorityGroup_2);
..\USB\CONFIG\hw_config.c(113): warning:  #223-D: function "EXTI_ClearITPendingBit" declared implicitly
        EXTI_ClearITPendingBit(EXTI_Line18);
..\USB\CONFIG\hw_config.c(113): error:  #20: identifier "EXTI_Line18" is undefined
        EXTI_ClearITPendingBit(EXTI_Line18);
..\USB\CONFIG\hw_config.c(115): error:  #20: identifier "EXTI_Trigger_Rising" is undefined
        EXTI_InitStructure.EXTI_Trigger = EXTI_Trigger_Rising;
..\USB\CONFIG\hw_config.c(117): warning:  #223-D: function "EXTI_Init" declared implicitly
        EXTI_Init(&EXTI_InitStructure);          
..\USB\CONFIG\hw_config.c(124): warning:  #223-D: function "NVIC_Init" declared implicitly
        NVIC_Init(&NVIC_InitStructure);
..\USB\CONFIG\hw_config.c: 6 warnings, 7 errors
compiling stm32_it.c...
..\USB\CONFIG\stm32_it.c(76): warning:  #223-D: function "EXTI_ClearITPendingBit" declared implicitly
     EXTI_ClearITPendingBit(EXTI_Line18);
..\USB\CONFIG\stm32_it.c(76): error:  #20: identifier "EXTI_Line18" is undefined
     EXTI_ClearITPendingBit(EXTI_Line18);
..\USB\CONFIG\stm32_it.c: 1 warning, 1 error
compiling usb_desc.c...
compiling usb_endp.c...
compiling usb_istr.c...
compiling usb_prop.c...
compiling usb_pwr.c...
"..\OBJ\LED.axf" - 104 Error(s), 335 Warning(s).
Target not created
